INFO:sim:172 - Generating IP...
Resolving generics for 'index_rom'...
Applying external generics to 'index_rom'...
Delivering associated files for 'index_rom'...
Delivering EJava files for 'index_rom'...
Generating implementation netlist for 'index_rom'...
INFO:sim - Pre-processing HDL files for 'index_rom'...
Running synthesis for 'index_rom'
Running ngcbuild...
Writing VEO instantiation template for 'index_rom'...
Writing Verilog behavioral simulation model for 'index_rom'...
WARNING:sim - Overwriting existing file
   C:/Users/TLT3620/Downloads/VGAdemo/VGAdemo/ipcore_dir/tmp/_cg/index_rom/doc/b
   lk_mem_gen_v7_3_vinfo.html with file from view xilinx_documentation
Delivered 1 file into directory
C:/Users/TLT3620/Downloads/VGAdemo/VGAdemo/ipcore_dir/tmp/_cg/index_rom
Generating ASY schematic symbol...
INFO:sim:949 - Finished generation of ASY schematic symbol.
Generating SYM schematic symbol for 'index_rom'...
Generating metadata file...
Generating ISE project file for 'index_rom'...
Generating ISE project...
XCO file found: index_rom.xco
XMDF file found: index_rom_xmdf.tcl
Adding
C:/Users/TLT3620/Downloads/VGAdemo/VGAdemo/ipcore_dir/tmp/_cg/index_rom.asy
-view all -origin_type imported
Adding
C:/Users/TLT3620/Downloads/VGAdemo/VGAdemo/ipcore_dir/tmp/_cg/index_rom.ngc
-view all -origin_type created
Checking file
"C:/Users/TLT3620/Downloads/VGAdemo/VGAdemo/ipcore_dir/tmp/_cg/index_rom.ngc"
for project device match ...
File
"C:/Users/TLT3620/Downloads/VGAdemo/VGAdemo/ipcore_dir/tmp/_cg/index_rom.ngc"
device information matches project device.
Adding
C:/Users/TLT3620/Downloads/VGAdemo/VGAdemo/ipcore_dir/tmp/_cg/index_rom.sym
-view all -origin_type imported
Adding C:/Users/TLT3620/Downloads/VGAdemo/VGAdemo/ipcore_dir/tmp/_cg/index_rom.v
-view all -origin_type created
INFO:HDLCompiler:1845 - Analyzing Verilog file
   "C:/Users/TLT3620/Downloads/VGAdemo/VGAdemo/ipcore_dir/tmp/_cg/index_rom.v"
   into library work
INFO:ProjectMgmt - Parsing design hierarchy completed successfully.
Adding
C:/Users/TLT3620/Downloads/VGAdemo/VGAdemo/ipcore_dir/tmp/_cg/index_rom.veo
-view all -origin_type imported
INFO:TclTasksC:2116 - The automatic calculation of top has been turned-off.
   Please set the new top explicitly by running the "project set top" command.
   To re-calculate the new top automatically, set the "Auto Implementation Top"
   property to true.
Top level has been set to "/index_rom"
Generating README file...
Generating FLIST file...
INFO:sim:948 - Finished FLIST file generation.
Launching README viewer...
Moving files to output directory...
Finished moving files to output directory
Wrote CGP file for project 'index_rom'.
